<?xml version="1.0" encoding="UTF-8"?>
<robot generator="Robot 3.1.2 (Python 3.8.2 on win32)" generated="20200421 00:34:32.124" rpa="false">
<suite id="s1" name="Login Form" source="C:\qaninja\robot\web\testes\login_form.robot">
<test id="s1-t1" name="Manipulando formularios">
<kw name="Nova sessão" library="base" type="setup">
<kw name="Open Browser" library="SeleniumLibrary">
<doc>Opens a new browser instance to the optional ``url``.</doc>
<arguments>
<arg>${url}</arg>
<arg>chrome</arg>
</arguments>
<msg timestamp="20200421 00:34:32.438" level="INFO">Opening browser 'chrome' to base url 'https://training-wheels-protocol.herokuapp.com'.</msg>
<status status="PASS" starttime="20200421 00:34:32.437" endtime="20200421 00:34:42.140"></status>
</kw>
<status status="PASS" starttime="20200421 00:34:32.437" endtime="20200421 00:34:42.141"></status>
</kw>
<kw name="Go To" library="SeleniumLibrary">
<doc>Navigates the current browser window to the provided ``url``.</doc>
<arguments>
<arg>${url}/login</arg>
</arguments>
<msg timestamp="20200421 00:34:42.144" level="INFO">Opening url 'https://training-wheels-protocol.herokuapp.com/login'</msg>
<status status="PASS" starttime="20200421 00:34:42.143" endtime="20200421 00:34:42.952"></status>
</kw>
<kw name="Input Text" library="SeleniumLibrary">
<doc>Types the given ``text`` into the text field identified by ``locator``.</doc>
<arguments>
<arg>id:userId</arg>
<arg>stark</arg>
</arguments>
<msg timestamp="20200421 00:34:42.955" level="INFO">Typing text 'stark' into text field 'id:userId'.</msg>
<status status="PASS" starttime="20200421 00:34:42.954" endtime="20200421 00:34:43.196"></status>
</kw>
<kw name="Input Text" library="SeleniumLibrary">
<doc>Types the given ``text`` into the text field identified by ``locator``.</doc>
<arguments>
<arg>id:passId</arg>
<arg>jarvis!</arg>
</arguments>
<msg timestamp="20200421 00:34:43.198" level="INFO">Typing text 'jarvis!' into text field 'id:passId'.</msg>
<status status="PASS" starttime="20200421 00:34:43.198" endtime="20200421 00:34:43.378"></status>
</kw>
<kw name="Click Button" library="SeleniumLibrary">
<doc>Clicks the button identified by ``locator``.</doc>
<arguments>
<arg>class:btn-login</arg>
</arguments>
<msg timestamp="20200421 00:34:43.379" level="INFO">Clicking button 'class:btn-login'.</msg>
<status status="PASS" starttime="20200421 00:34:43.379" endtime="20200421 00:34:44.173"></status>
</kw>
<kw name="Page Should Contain" library="SeleniumLibrary">
<doc>Verifies that current page contains ``text``.</doc>
<arguments>
<arg>Olá, Tony Stark. Você acessou a área logada!</arg>
</arguments>
<msg timestamp="20200421 00:34:44.242" level="INFO">Current page contains text 'Olá, Tony Stark. Você acessou a área logada!'.</msg>
<status status="PASS" starttime="20200421 00:34:44.176" endtime="20200421 00:34:44.242"></status>
</kw>
<kw name="Encerra sessão" library="base" type="teardown">
<kw name="Capture Page Screenshot" library="SeleniumLibrary">
<doc>Takes a screenshot of the current page and embeds it into a log file.</doc>
<msg timestamp="20200421 00:34:44.781" level="INFO" html="yes">&lt;/td&gt;&lt;/tr&gt;&lt;tr&gt;&lt;td colspan="3"&gt;&lt;a href="selenium-screenshot-51.png"&gt;&lt;img src="selenium-screenshot-51.png" width="800px"&gt;&lt;/a&gt;</msg>
<status status="PASS" starttime="20200421 00:34:44.246" endtime="20200421 00:34:44.781"></status>
</kw>
<kw name="Close Browser" library="SeleniumLibrary">
<doc>Closes the current browser.</doc>
<status status="PASS" starttime="20200421 00:34:44.781" endtime="20200421 00:34:48.163"></status>
</kw>
<status status="PASS" starttime="20200421 00:34:44.245" endtime="20200421 00:34:48.163"></status>
</kw>
<status status="PASS" starttime="20200421 00:34:32.436" endtime="20200421 00:34:48.165" critical="yes"></status>
</test>
<test id="s1-t2" name="Manipulando usando css">
<kw name="Nova sessão" library="base" type="setup">
<kw name="Open Browser" library="SeleniumLibrary">
<doc>Opens a new browser instance to the optional ``url``.</doc>
<arguments>
<arg>${url}</arg>
<arg>chrome</arg>
</arguments>
<msg timestamp="20200421 00:34:48.177" level="INFO">Opening browser 'chrome' to base url 'https://training-wheels-protocol.herokuapp.com'.</msg>
<status status="PASS" starttime="20200421 00:34:48.176" endtime="20200421 00:34:56.341"></status>
</kw>
<status status="PASS" starttime="20200421 00:34:48.175" endtime="20200421 00:34:56.341"></status>
</kw>
<kw name="Go To" library="SeleniumLibrary">
<doc>Navigates the current browser window to the provided ``url``.</doc>
<arguments>
<arg>${url}/login</arg>
</arguments>
<msg timestamp="20200421 00:34:56.345" level="INFO">Opening url 'https://training-wheels-protocol.herokuapp.com/login'</msg>
<status status="PASS" starttime="20200421 00:34:56.343" endtime="20200421 00:34:57.108"></status>
</kw>
<kw name="Input Text" library="SeleniumLibrary">
<doc>Types the given ``text`` into the text field identified by ``locator``.</doc>
<arguments>
<arg>css:input[name=username]</arg>
<arg>stark</arg>
</arguments>
<msg timestamp="20200421 00:34:57.109" level="INFO">Typing text 'stark' into text field 'css:input[name=username]'.</msg>
<status status="PASS" starttime="20200421 00:34:57.109" endtime="20200421 00:34:57.283"></status>
</kw>
<kw name="Input Text" library="SeleniumLibrary">
<doc>Types the given ``text`` into the text field identified by ``locator``.</doc>
<arguments>
<arg>css:input[name=password]</arg>
<arg>jarvis!</arg>
</arguments>
<msg timestamp="20200421 00:34:57.284" level="INFO">Typing text 'jarvis!' into text field 'css:input[name=password]'.</msg>
<status status="PASS" starttime="20200421 00:34:57.284" endtime="20200421 00:34:57.541"></status>
</kw>
<kw name="Click Button" library="SeleniumLibrary">
<doc>Clicks the button identified by ``locator``.</doc>
<arguments>
<arg>class:btn-login</arg>
</arguments>
<msg timestamp="20200421 00:34:57.545" level="INFO">Clicking button 'class:btn-login'.</msg>
<status status="PASS" starttime="20200421 00:34:57.543" endtime="20200421 00:34:58.980"></status>
</kw>
<kw name="Page Should Contain" library="SeleniumLibrary">
<doc>Verifies that current page contains ``text``.</doc>
<arguments>
<arg>Olá, Tony Stark. Você acessou a área logada!</arg>
</arguments>
<msg timestamp="20200421 00:34:59.053" level="INFO">Current page contains text 'Olá, Tony Stark. Você acessou a área logada!'.</msg>
<status status="PASS" starttime="20200421 00:34:58.984" endtime="20200421 00:34:59.053"></status>
</kw>
<kw name="Encerra sessão" library="base" type="teardown">
<kw name="Capture Page Screenshot" library="SeleniumLibrary">
<doc>Takes a screenshot of the current page and embeds it into a log file.</doc>
<msg timestamp="20200421 00:34:59.550" level="INFO" html="yes">&lt;/td&gt;&lt;/tr&gt;&lt;tr&gt;&lt;td colspan="3"&gt;&lt;a href="selenium-screenshot-52.png"&gt;&lt;img src="selenium-screenshot-52.png" width="800px"&gt;&lt;/a&gt;</msg>
<status status="PASS" starttime="20200421 00:34:59.056" endtime="20200421 00:34:59.550"></status>
</kw>
<kw name="Close Browser" library="SeleniumLibrary">
<doc>Closes the current browser.</doc>
<status status="PASS" starttime="20200421 00:34:59.551" endtime="20200421 00:35:01.768"></status>
</kw>
<status status="PASS" starttime="20200421 00:34:59.055" endtime="20200421 00:35:01.769"></status>
</kw>
<status status="PASS" starttime="20200421 00:34:48.172" endtime="20200421 00:35:01.770" critical="yes"></status>
</test>
<test id="s1-t3" name="Senha invalida">
<kw name="Nova sessão" library="base" type="setup">
<kw name="Open Browser" library="SeleniumLibrary">
<doc>Opens a new browser instance to the optional ``url``.</doc>
<arguments>
<arg>${url}</arg>
<arg>chrome</arg>
</arguments>
<msg timestamp="20200421 00:35:01.779" level="INFO">Opening browser 'chrome' to base url 'https://training-wheels-protocol.herokuapp.com'.</msg>
<status status="PASS" starttime="20200421 00:35:01.778" endtime="20200421 00:35:09.837"></status>
</kw>
<status status="PASS" starttime="20200421 00:35:01.777" endtime="20200421 00:35:09.838"></status>
</kw>
<kw name="Go To" library="SeleniumLibrary">
<doc>Navigates the current browser window to the provided ``url``.</doc>
<arguments>
<arg>${url}/login</arg>
</arguments>
<msg timestamp="20200421 00:35:09.841" level="INFO">Opening url 'https://training-wheels-protocol.herokuapp.com/login'</msg>
<status status="PASS" starttime="20200421 00:35:09.840" endtime="20200421 00:35:10.441"></status>
</kw>
<kw name="Input Text" library="SeleniumLibrary">
<doc>Types the given ``text`` into the text field identified by ``locator``.</doc>
<arguments>
<arg>css:input[name=username]</arg>
<arg>stark</arg>
</arguments>
<msg timestamp="20200421 00:35:10.443" level="INFO">Typing text 'stark' into text field 'css:input[name=username]'.</msg>
<status status="PASS" starttime="20200421 00:35:10.442" endtime="20200421 00:35:10.595"></status>
</kw>
<kw name="Input Text" library="SeleniumLibrary">
<doc>Types the given ``text`` into the text field identified by ``locator``.</doc>
<arguments>
<arg>css:input[name=password]</arg>
<arg>123456</arg>
</arguments>
<msg timestamp="20200421 00:35:10.598" level="INFO">Typing text '123456' into text field 'css:input[name=password]'.</msg>
<status status="PASS" starttime="20200421 00:35:10.596" endtime="20200421 00:35:10.745"></status>
</kw>
<kw name="Click Button" library="SeleniumLibrary">
<doc>Clicks the button identified by ``locator``.</doc>
<arguments>
<arg>class:btn-login</arg>
</arguments>
<msg timestamp="20200421 00:35:10.746" level="INFO">Clicking button 'class:btn-login'.</msg>
<status status="PASS" starttime="20200421 00:35:10.746" endtime="20200421 00:35:11.449"></status>
</kw>
<kw name="Get WebElement" library="SeleniumLibrary">
<doc>Returns the first WebElement matching the given ``locator``.</doc>
<arguments>
<arg>id:flash</arg>
</arguments>
<assign>
<var>${message}</var>
</assign>
<msg timestamp="20200421 00:35:11.473" level="INFO">${message} = &lt;selenium.webdriver.remote.webelement.WebElement (session="54d6556433faae6ef45e5db48a0d0d1a", element="08d6f617-ff7e-45c1-9f58-7140d6d8d206")&gt;</msg>
<status status="PASS" starttime="20200421 00:35:11.451" endtime="20200421 00:35:11.473"></status>
</kw>
<kw name="Should Contain" library="BuiltIn">
<doc>Fails if ``container`` does not contain ``item`` one or more times.</doc>
<arguments>
<arg>${message.text}</arg>
<arg>Senha é invalida!</arg>
</arguments>
<status status="PASS" starttime="20200421 00:35:11.474" endtime="20200421 00:35:11.499"></status>
</kw>
<kw name="Encerra sessão" library="base" type="teardown">
<kw name="Capture Page Screenshot" library="SeleniumLibrary">
<doc>Takes a screenshot of the current page and embeds it into a log file.</doc>
<msg timestamp="20200421 00:35:11.930" level="INFO" html="yes">&lt;/td&gt;&lt;/tr&gt;&lt;tr&gt;&lt;td colspan="3"&gt;&lt;a href="selenium-screenshot-53.png"&gt;&lt;img src="selenium-screenshot-53.png" width="800px"&gt;&lt;/a&gt;</msg>
<status status="PASS" starttime="20200421 00:35:11.501" endtime="20200421 00:35:11.931"></status>
</kw>
<kw name="Close Browser" library="SeleniumLibrary">
<doc>Closes the current browser.</doc>
<status status="PASS" starttime="20200421 00:35:11.931" endtime="20200421 00:35:14.205"></status>
</kw>
<status status="PASS" starttime="20200421 00:35:11.501" endtime="20200421 00:35:14.206"></status>
</kw>
<tags>
<tag>senha_incorreta</tag>
</tags>
<status status="PASS" starttime="20200421 00:35:01.774" endtime="20200421 00:35:14.207" critical="yes"></status>
</test>
<test id="s1-t4" name="Usuario nao existe">
<kw name="Nova sessão" library="base" type="setup">
<kw name="Open Browser" library="SeleniumLibrary">
<doc>Opens a new browser instance to the optional ``url``.</doc>
<arguments>
<arg>${url}</arg>
<arg>chrome</arg>
</arguments>
<msg timestamp="20200421 00:35:14.218" level="INFO">Opening browser 'chrome' to base url 'https://training-wheels-protocol.herokuapp.com'.</msg>
<status status="PASS" starttime="20200421 00:35:14.217" endtime="20200421 00:35:24.333"></status>
</kw>
<status status="PASS" starttime="20200421 00:35:14.216" endtime="20200421 00:35:24.333"></status>
</kw>
<kw name="Go To" library="SeleniumLibrary">
<doc>Navigates the current browser window to the provided ``url``.</doc>
<arguments>
<arg>${url}/login</arg>
</arguments>
<msg timestamp="20200421 00:35:24.334" level="INFO">Opening url 'https://training-wheels-protocol.herokuapp.com/login'</msg>
<status status="PASS" starttime="20200421 00:35:24.334" endtime="20200421 00:35:25.166"></status>
</kw>
<kw name="Input Text" library="SeleniumLibrary">
<doc>Types the given ``text`` into the text field identified by ``locator``.</doc>
<arguments>
<arg>css:input[name=username]</arg>
<arg>Joey</arg>
</arguments>
<msg timestamp="20200421 00:35:25.168" level="INFO">Typing text 'Joey' into text field 'css:input[name=username]'.</msg>
<status status="PASS" starttime="20200421 00:35:25.167" endtime="20200421 00:35:25.307"></status>
</kw>
<kw name="Input Text" library="SeleniumLibrary">
<doc>Types the given ``text`` into the text field identified by ``locator``.</doc>
<arguments>
<arg>css:input[name=password]</arg>
<arg>12345</arg>
</arguments>
<msg timestamp="20200421 00:35:25.308" level="INFO">Typing text '12345' into text field 'css:input[name=password]'.</msg>
<status status="PASS" starttime="20200421 00:35:25.308" endtime="20200421 00:35:25.446"></status>
</kw>
<kw name="Click Button" library="SeleniumLibrary">
<doc>Clicks the button identified by ``locator``.</doc>
<arguments>
<arg>class:btn-login</arg>
</arguments>
<msg timestamp="20200421 00:35:25.447" level="INFO">Clicking button 'class:btn-login'.</msg>
<status status="PASS" starttime="20200421 00:35:25.447" endtime="20200421 00:35:26.097"></status>
</kw>
<kw name="Get WebElement" library="SeleniumLibrary">
<doc>Returns the first WebElement matching the given ``locator``.</doc>
<arguments>
<arg>id:flash</arg>
</arguments>
<assign>
<var>${message}</var>
</assign>
<msg timestamp="20200421 00:35:26.130" level="INFO">${message} = &lt;selenium.webdriver.remote.webelement.WebElement (session="f8c3b293b474cd709f0dba73edc9b04b", element="0d6392c5-17eb-4de7-8f52-f38675d9ec16")&gt;</msg>
<status status="PASS" starttime="20200421 00:35:26.099" endtime="20200421 00:35:26.130"></status>
</kw>
<kw name="Should Contain" library="BuiltIn">
<doc>Fails if ``container`` does not contain ``item`` one or more times.</doc>
<arguments>
<arg>${message.text}</arg>
<arg>O usuário informado não está cadastrado!</arg>
</arguments>
<status status="PASS" starttime="20200421 00:35:26.131" endtime="20200421 00:35:26.162"></status>
</kw>
<kw name="Encerra sessão" library="base" type="teardown">
<kw name="Capture Page Screenshot" library="SeleniumLibrary">
<doc>Takes a screenshot of the current page and embeds it into a log file.</doc>
<msg timestamp="20200421 00:35:26.694" level="INFO" html="yes">&lt;/td&gt;&lt;/tr&gt;&lt;tr&gt;&lt;td colspan="3"&gt;&lt;a href="selenium-screenshot-54.png"&gt;&lt;img src="selenium-screenshot-54.png" width="800px"&gt;&lt;/a&gt;</msg>
<status status="PASS" starttime="20200421 00:35:26.164" endtime="20200421 00:35:26.694"></status>
</kw>
<kw name="Close Browser" library="SeleniumLibrary">
<doc>Closes the current browser.</doc>
<status status="PASS" starttime="20200421 00:35:26.694" endtime="20200421 00:35:28.921"></status>
</kw>
<status status="PASS" starttime="20200421 00:35:26.163" endtime="20200421 00:35:28.922"></status>
</kw>
<tags>
<tag>user_naocadastrado</tag>
</tags>
<status status="PASS" starttime="20200421 00:35:14.213" endtime="20200421 00:35:28.922" critical="yes"></status>
</test>
<status status="PASS" starttime="20200421 00:34:32.127" endtime="20200421 00:35:28.925"></status>
</suite>
<statistics>
<total>
<stat pass="4" fail="0">Critical Tests</stat>
<stat pass="4" fail="0">All Tests</stat>
</total>
<tag>
<stat pass="1" fail="0">senha_incorreta</stat>
<stat pass="1" fail="0">user_naocadastrado</stat>
</tag>
<suite>
<stat pass="4" fail="0" id="s1" name="Login Form">Login Form</stat>
</suite>
</statistics>
<errors>
</errors>
</robot>
